----> 2016-11-15T09:58:34+05 n 39 видео обнаружено объемом 3,5G n Введите ИМЯ для видео материала в формате: n (кто где когда сегодняшняя дата исх) n пример: представление главы ЖД района 1411 исх
----> Введено имя: 12_456
----> 2016-11-15T10:05:59+05 39 видео обнаружено 3,5G
----> Введено имя: dfh
----> Копирование завершено, извлеките USB носитель !!!
----> 2016-11-15T10:07:36+05 39 видео обнаружено 3,5G
----> Введено имя: 156
----> Копирование завершено, извлеките USB носитель !!!
----> 2016-11-15T10:09:23+05 39 видео обнаружено 3,5G
----> Введено имя: 12fgd_gfgreg_dgfrtg_teghe
----> Ошибка при копировании, повторить поиск ?
----> Копирование завершено, извлеките USB носитель !!!
----> 2016-11-15T10:12:39+05 39 видео обнаружено 3,5G
----> 2016-11-15T10:18:15+05 6 видео обнаружено 363M
----> 2016-11-15T10:18:24+05 6 видео обнаружено 363M
----> 2016-11-15T10:18:32+05 6 видео обнаружено 363M
----> Введено имя: fdsf
----> Ошибка при копировании, повторить поиск ?
----> Копирование завершено, извлеките USB носитель !!!
----> 2016-11-15T10:39:10+05 6 видео обнаружено 363M
----> 2016-11-15T10:39:22+05 6 видео обнаружено 363M
----> 2016-11-15T10:39:27+05 6 видео обнаружено 363M
----> Введено имя: jhkhk
----> Операция отменена
----> Ошибка при копировании, повторить поиск ?
----> 2016-11-15T10:49:43+05 6 видео обнаружено 363M
----> 2016-11-15T10:50:02+05 6 видео обнаружено 363M
----> Введено имя: 123
----> Копирование завершено, извлеките USB носитель !!!
----> 2016-11-15T10:51:44+05 6 видео обнаружено 363M
----> Введено имя: ghfxfh
----> Копирование завершено, извлеките USB носитель !!!
----> 2016-11-15T10:52:43+05 6 видео обнаружено 363M
----> Введено имя: tykuyfk
----> Операция отменена
----> Ошибка при копировании, повторить поиск ?
----> 2016-11-15T10:53:08+05 6 видео обнаружено 363M
----> 2016-11-15T10:53:14+05 6 видео обнаружено 363M
----> 2016-11-15T11:02:47+05 6 видео обнаружено 363M
----> Введено имя: gfhgh_dtfhfd_dr_dr
----> Операция отменена
----> Ошибка при копировании, повторить поиск ?
----> 2016-11-15T11:03:30+05 6 видео обнаружено 363M
----> Введено имя: \70_)
----> Копирование завершено, извлеките USB носитель !!!
----> 2016-11-15T11:05:00+05 6 видео обнаружено 363M
----> Введено имя: dfgdfg
----> Копирование завершено, извлеките USB носитель !!!
----> 2016-11-15T11:28:38+05 6 видео обнаружено 363M
----> 2016-11-15T11:30:03+05 6 видео обнаружено 363M
----> Введено имя: bdfvghgffrt_bhtdrfh_rtdhrt
----> Копирование завершено, извлеките USB носитель !!!
----> 2016-11-15T11:31:17+05 6 видео обнаружено 363M
